lib/android/build/intermediates/manifest_merge_blame_file/debug/manifest-merger-blame-debug-report.txt
1<?xml version="1.0" encoding="utf-8"?>
2<manifest xmlns:android="http://schemas.android.com/apk/res/android"
3    package="cn.qiuxiang.react.baidumap" >
4
5    <uses-permission android:name="android.permission.INTERNET" />
5-->src/main/AndroidManifest.xml:4:5-67
5-->src/main/AndroidManifest.xml:4:22-64
6    <uses-permission android:name="android.permission.MOUNT_UNMOUNT_FILESYSTEMS" />
6-->src/main/AndroidManifest.xml:5:5-84
6-->src/main/AndroidManifest.xml:5:22-81
7    <uses-permission android:name="android.permission.WRITE_EXTERNAL_STORAGE" />
7-->src/main/AndroidManifest.xml:6:5-81
7-->src/main/AndroidManifest.xml:6:22-78
8    <uses-permission android:name="android.permission.ACCESS_NETWORK_STATE" />
8-->src/main/AndroidManifest.xml:7:5-79
8-->src/main/AndroidManifest.xml:7:22-76
9    <uses-permission android:name="android.permission.ACCESS_WIFI_STATE" />
9-->src/main/AndroidManifest.xml:8:5-76
9-->src/main/AndroidManifest.xml:8:22-73
10    <uses-permission android:name="android.permission.CHANGE_WIFI_STATE" />
10-->src/main/AndroidManifest.xml:9:5-76
10-->src/main/AndroidManifest.xml:9:22-73
11    <uses-permission android:name="android.permission.READ_PHONE_STATE" />
11-->src/main/AndroidManifest.xml:10:5-75
11-->src/main/AndroidManifest.xml:10:22-72
12    <uses-permission android:name="android.permission.ACCESS_COARSE_LOCATION" />
12-->src/main/AndroidManifest.xml:11:5-81
12-->src/main/AndroidManifest.xml:11:22-78
13    <uses-permission android:name="android.permission.ACCESS_FINE_LOCATION" />
13-->src/main/AndroidManifest.xml:12:5-79
13-->src/main/AndroidManifest.xml:12:22-76
14    <uses-permission android:name="android.permission.WAKE_LOCK" />
14-->src/main/AndroidManifest.xml:13:5-68
14-->src/main/AndroidManifest.xml:13:22-65
15
16    <application>
16-->src/main/AndroidManifest.xml:15:5-20:19
17        <service
17-->src/main/AndroidManifest.xml:16:9-19:41
18            android:name="com.baidu.location.f"
18-->src/main/AndroidManifest.xml:17:13-48
19            android:enabled="true"
19-->src/main/AndroidManifest.xml:18:13-35
20            android:process=":remote" />
20-->src/main/AndroidManifest.xml:19:13-38
21    </application>
22
23</manifest>